<?xml version="1.0" encoding="UTF-8"?>
<!-- Generated by org.testng.reporters.JUnitXMLReporter -->
<testsuite ignored="4" hostname="LAPTOP-MAJOT9IM" failures="0" tests="0" time="0.033" errors="0" timestamp="2025-07-08T11:51:48 IST">
  <testcase classname="basic_TestCases.validate_LoginPage" name="validCredUrl" time="0.0">
    <ignored/>
  </testcase> <!-- validCredUrl -->
  <testcase classname="basic_TestCases.validate_LoginPage" name="validCredTittle" time="0.0">
    <ignored/>
  </testcase> <!-- validCredTittle -->
  <testcase classname="basic_TestCases.validate_LoginPage" name="invalidCred" time="0.0">
    <ignored/>
  </testcase> <!-- invalidCred -->
  <testcase classname="basic_TestCases.validate_LoginPage" name="validCredText" time="0.0">
    <ignored/>
  </testcase> <!-- validCredText -->
</testsuite>
